/*C9*/SET SCHEMA PUBLIC
DELETE FROM USERS WHERE ID=1000
DELETE FROM USERS WHERE ID=1001
DELETE FROM USERS WHERE ID=1030
COMMIT
INSERT INTO USERS VALUES(1000,'Bill','Gates','1968-04-26')
COMMIT
INSERT INTO USERS VALUES(1001,'George','Bush','1949-08-17')
COMMIT
DISCONNECT
/*C10*/SET SCHEMA PUBLIC
INSERT INTO USERS VALUES(1031,'Alexandra','Gromak','2018-12-13')
COMMIT
DISCONNECT
/*C11*/SET SCHEMA PUBLIC
DELETE FROM USERS WHERE ID=1000
DELETE FROM USERS WHERE ID=1001
DELETE FROM USERS WHERE ID=1031
COMMIT
INSERT INTO USERS VALUES(1000,'Bill','Gates','1968-04-26')
COMMIT
INSERT INTO USERS VALUES(1001,'George','Bush','1949-08-17')
COMMIT
DISCONNECT
